<?xml version="1.0" encoding="UTF-8"?>
<!-- Generated by org.testng.reporters.JUnitReportReporter -->
<testsuite hostname="DESKTOP-N7QDLPO" failures="0" tests="1" name="AbdallahSleem.FinalTask.task" time="32.107" errors="0" timestamp="2023-03-27T12:50:54 EET" skipped="0">
  <testcase classname="AbdallahSleem.FinalTask.task" name="test" time="32.107"/>
  <system-out/>
</testsuite> <!-- AbdallahSleem.FinalTask.task -->
